# JRE version: OpenJDK Runtime Environment Corretto-23.0.2.7.1 (23.0.2+7) (build 23.0.2+7-FR)
# Java VM: OpenJDK 64-Bit Server VM Corretto-23.0.2.7.1 (23.0.2+7-FR, mixed mode, sharing, tiered, compressed oops, compressed class ptrs, g1 gc, windows-amd64)
GC Precious Log:
 CardTable entry size: 512
 Card Set container configuration: InlinePtr #cards 4 size 8 Array Of Cards #cards 16 size 48 Howl #buckets 8 coarsen threshold 3686 Howl Bitmap #cards 512 size 80 coarsen threshold 460 Card regions per heap region 1 cards per card region 4096
 CPUs: 8 total, 8 available
 Memory: 16099M
 Large Page Support: Disabled
 NUMA Support: Disabled
 Compressed Oops: Enabled (Zero based)
 Heap Region Size: 2M
 Heap Min Capacity: 8M
 Heap Initial Capacity: 252M
 Heap Max Capacity: 4026M
 Pre-touch: Disabled
 Parallel Workers: 8
 Concurrent Workers: 2
 Concurrent Refinement Workers: 8
 Periodic GC: Disabled
Heap:
 garbage-first heap   total reserved 4122624K, committed 258048K, used 135168K [0x0000000704600000, 0x0000000800000000)
  region size 2048K, 26 young (53248K), 4 survivors (8192K)
 Metaspace       used 6743K, committed 6912K, reserved 1114112K
  class space    used 755K, committed 832K, reserved 1048576K
GC Heap History (11 events):
Event: 0.468 GC heap before
{Heap before GC invocations=0 (full 0):
 garbage-first heap   total reserved 4122624K, committed 258048K, used 22528K [0x0000000704600000, 0x0000000800000000)
  region size 2048K, 12 young (24576K), 0 survivors (0K)
 Metaspace       used 4443K, committed 4608K, reserved 1114112K
  class space    used 513K, committed 576K, reserved 1048576K
}
Event: 0.471 GC heap after
{Heap after GC invocations=1 (full 0):
 garbage-first heap   total reserved 4122624K, committed 258048K, used 3201K [0x0000000704600000, 0x0000000800000000)
  region size 2048K, 2 young (4096K), 2 survivors (4096K)
 Metaspace       used 4443K, committed 4608K, reserved 1114112K
  class space    used 513K, committed 576K, reserved 1048576K
}
Event: 0.739 GC heap before
{Heap before GC invocations=1 (full 0):
 garbage-first heap   total reserved 4122624K, committed 258048K, used 25729K [0x0000000704600000, 0x0000000800000000)
  region size 2048K, 14 young (28672K), 2 survivors (4096K)
 Metaspace       used 6596K, committed 6784K, reserved 1114112K
  class space    used 745K, committed 832K, reserved 1048576K
}
Event: 0.748 GC heap after
{Heap after GC invocations=2 (full 0):
 garbage-first heap   total reserved 4122624K, committed 258048K, used 13578K [0x0000000704600000, 0x0000000800000000)
  region size 2048K, 2 young (4096K), 2 survivors (4096K)
 Metaspace       used 6596K, committed 6784K, reserved 1114112K
  class space    used 745K, committed 832K, reserved 1048576K
}
Event: 1.069 GC heap before
{Heap before GC invocations=2 (full 0):
 garbage-first heap   total reserved 4122624K, committed 258048K, used 83210K [0x0000000704600000, 0x0000000800000000)
  region size 2048K, 26 young (53248K), 2 survivors (4096K)
 Metaspace       used 6597K, committed 6784K, reserved 1114112K
  class space    used 745K, committed 832K, reserved 1048576K
}
Event: 1.082 GC heap after
{Heap after GC invocations=3 (full 0):
 garbage-first heap   total reserved 4122624K, committed 258048K, used 46724K [0x0000000704600000, 0x0000000800000000)
  region size 2048K, 4 young (8192K), 4 survivors (8192K)
 Metaspace       used 6597K, committed 6784K, reserved 1114112K
  class space    used 745K, committed 832K, reserved 1048576K
}
Event: 1.145 GC heap before
{Heap before GC invocations=3 (full 0):
 garbage-first heap   total reserved 4122624K, committed 258048K, used 67204K [0x0000000704600000, 0x0000000800000000)
  region size 2048K, 13 young (26624K), 4 survivors (8192K)
 Metaspace       used 6709K, committed 6848K, reserved 1114112K
  class space    used 755K, committed 832K, reserved 1048576K
}
Event: 1.157 GC heap after
{Heap after GC invocations=4 (full 0):
 garbage-first heap   total reserved 4122624K, committed 258048K, used 60373K [0x0000000704600000, 0x0000000800000000)
  region size 2048K, 2 young (4096K), 2 survivors (4096K)
 Metaspace       used 6709K, committed 6848K, reserved 1114112K
  class space    used 755K, committed 832K, reserved 1048576K
}
Event: 1.222 GC heap before
{Heap before GC invocations=4 (full 0):
 garbage-first heap   total reserved 4122624K, committed 258048K, used 95189K [0x0000000704600000, 0x0000000800000000)
  region size 2048K, 19 young (38912K), 2 survivors (4096K)
 Metaspace       used 6734K, committed 6912K, reserved 1114112K
  class space    used 755K, committed 832K, reserved 1048576K
}
Event: 1.239 GC heap after
{Heap after GC invocations=5 (full 0):
 garbage-first heap   total reserved 4122624K, committed 258048K, used 86016K [0x0000000704600000, 0x0000000800000000)
  region size 2048K, 3 young (6144K), 3 survivors (6144K)
 Metaspace       used 6734K, committed 6912K, reserved 1114112K
  class space    used 755K, committed 832K, reserved 1048576K
}
Event: 1.292 GC heap before
{Heap before GC invocations=5 (full 0):
 garbage-first heap   total reserved 4122624K, committed 258048K, used 135168K [0x0000000704600000, 0x0000000800000000)
  region size 2048K, 25 young (51200K), 3 survivors (6144K)
 Metaspace       used 6743K, committed 6912K, reserved 1114112K
  class space    used 755K, committed 832K, reserved 1048576K
}

