# JRE version: OpenJDK Runtime Environment Corretto-23.0.2.7.1 (23.0.2+7) (build 23.0.2+7-FR)
# Java VM: OpenJDK 64-Bit Server VM Corretto-23.0.2.7.1 (23.0.2+7-FR, mixed mode, sharing, tiered, compressed oops, compressed class ptrs, g1 gc, windows-amd64)
GC Precious Log:
 CardTable entry size: 512
 Card Set container configuration: InlinePtr #cards 4 size 8 Array Of Cards #cards 16 size 48 Howl #buckets 8 coarsen threshold 3686 Howl Bitmap #cards 512 size 80 coarsen threshold 460 Card regions per heap region 1 cards per card region 4096
 CPUs: 8 total, 8 available
 Memory: 16099M
 Large Page Support: Disabled
 NUMA Support: Disabled
 Compressed Oops: Enabled (Zero based)
 Heap Region Size: 2M
 Heap Min Capacity: 8M
 Heap Initial Capacity: 252M
 Heap Max Capacity: 4026M
 Pre-touch: Disabled
 Parallel Workers: 8
 Concurrent Workers: 2
 Concurrent Refinement Workers: 8
 Periodic GC: Disabled
Heap:
 garbage-first heap   total reserved 4122624K, committed 516096K, used 276480K [0x0000000704600000, 0x0000000800000000)
  region size 2048K, 44 young (90112K), 6 survivors (12288K)
 Metaspace       used 6790K, committed 6976K, reserved 1114112K
  class space    used 760K, committed 832K, reserved 1048576K
GC Heap History (17 events):
Event: 0.476 GC heap before
{Heap before GC invocations=0 (full 0):
 garbage-first heap   total reserved 4122624K, committed 258048K, used 22528K [0x0000000704600000, 0x0000000800000000)
  region size 2048K, 12 young (24576K), 0 survivors (0K)
 Metaspace       used 4420K, committed 4608K, reserved 1114112K
  class space    used 499K, committed 576K, reserved 1048576K
}
Event: 0.478 GC heap after
{Heap after GC invocations=1 (full 0):
 garbage-first heap   total reserved 4122624K, committed 258048K, used 3327K [0x0000000704600000, 0x0000000800000000)
  region size 2048K, 2 young (4096K), 2 survivors (4096K)
 Metaspace       used 4420K, committed 4608K, reserved 1114112K
  class space    used 499K, committed 576K, reserved 1048576K
}
Event: 0.749 GC heap before
{Heap before GC invocations=1 (full 0):
 garbage-first heap   total reserved 4122624K, committed 258048K, used 27903K [0x0000000704600000, 0x0000000800000000)
  region size 2048K, 14 young (28672K), 2 survivors (4096K)
 Metaspace       used 6601K, committed 6784K, reserved 1114112K
  class space    used 744K, committed 832K, reserved 1048576K
}
Event: 0.758 GC heap after
{Heap after GC invocations=2 (full 0):
 garbage-first heap   total reserved 4122624K, committed 258048K, used 14029K [0x0000000704600000, 0x0000000800000000)
  region size 2048K, 2 young (4096K), 2 survivors (4096K)
 Metaspace       used 6601K, committed 6784K, reserved 1114112K
  class space    used 744K, committed 832K, reserved 1048576K
}
Event: 1.093 GC heap before
{Heap before GC invocations=2 (full 0):
 garbage-first heap   total reserved 4122624K, committed 258048K, used 85709K [0x0000000704600000, 0x0000000800000000)
  region size 2048K, 26 young (53248K), 2 survivors (4096K)
 Metaspace       used 6602K, committed 6784K, reserved 1114112K
  class space    used 744K, committed 832K, reserved 1048576K
}
Event: 1.105 GC heap after
{Heap after GC invocations=3 (full 0):
 garbage-first heap   total reserved 4122624K, committed 258048K, used 46559K [0x0000000704600000, 0x0000000800000000)
  region size 2048K, 4 young (8192K), 4 survivors (8192K)
 Metaspace       used 6602K, committed 6784K, reserved 1114112K
  class space    used 744K, committed 832K, reserved 1048576K
}
Event: 1.169 GC heap before
{Heap before GC invocations=3 (full 0):
 garbage-first heap   total reserved 4122624K, committed 258048K, used 67039K [0x0000000704600000, 0x0000000800000000)
  region size 2048K, 13 young (26624K), 4 survivors (8192K)
 Metaspace       used 6714K, committed 6848K, reserved 1114112K
  class space    used 754K, committed 832K, reserved 1048576K
}
Event: 1.180 GC heap after
{Heap after GC invocations=4 (full 0):
 garbage-first heap   total reserved 4122624K, committed 258048K, used 59860K [0x0000000704600000, 0x0000000800000000)
  region size 2048K, 2 young (4096K), 2 survivors (4096K)
 Metaspace       used 6714K, committed 6848K, reserved 1114112K
  class space    used 754K, committed 832K, reserved 1048576K
}
Event: 1.251 GC heap before
{Heap before GC invocations=4 (full 0):
 garbage-first heap   total reserved 4122624K, committed 258048K, used 96724K [0x0000000704600000, 0x0000000800000000)
  region size 2048K, 19 young (38912K), 2 survivors (4096K)
 Metaspace       used 6738K, committed 6912K, reserved 1114112K
  class space    used 754K, committed 832K, reserved 1048576K
}
Event: 1.267 GC heap after
{Heap after GC invocations=5 (full 0):
 garbage-first heap   total reserved 4122624K, committed 258048K, used 84413K [0x0000000704600000, 0x0000000800000000)
  region size 2048K, 3 young (6144K), 3 survivors (6144K)
 Metaspace       used 6738K, committed 6912K, reserved 1114112K
  class space    used 754K, committed 832K, reserved 1048576K
}
Event: 1.322 GC heap before
{Heap before GC invocations=5 (full 0):
 garbage-first heap   total reserved 4122624K, committed 258048K, used 131517K [0x0000000704600000, 0x0000000800000000)
  region size 2048K, 24 young (49152K), 3 survivors (6144K)
 Metaspace       used 6748K, committed 6912K, reserved 1114112K
  class space    used 754K, committed 832K, reserved 1048576K
}
Event: 1.345 GC heap after
{Heap after GC invocations=6 (full 0):
 garbage-first heap   total reserved 4122624K, committed 516096K, used 118339K [0x0000000704600000, 0x0000000800000000)
  region size 2048K, 3 young (6144K), 3 survivors (6144K)
 Metaspace       used 6748K, committed 6912K, reserved 1114112K
  class space    used 754K, committed 832K, reserved 1048576K
}
Event: 1.400 GC heap before
{Heap before GC invocations=6 (full 0):
 garbage-first heap   total reserved 4122624K, committed 516096K, used 159299K [0x0000000704600000, 0x0000000800000000)
  region size 2048K, 23 young (47104K), 3 survivors (6144K)
 Metaspace       used 6784K, committed 6976K, reserved 1114112K
  class space    used 760K, committed 832K, reserved 1048576K
}
Event: 1.421 GC heap after
{Heap after GC invocations=7 (full 0):
 garbage-first heap   total reserved 4122624K, committed 516096K, used 137216K [0x0000000704600000, 0x0000000800000000)
  region size 2048K, 3 young (6144K), 3 survivors (6144K)
 Metaspace       used 6784K, committed 6976K, reserved 1114112K
  class space    used 760K, committed 832K, reserved 1048576K
}
Event: 1.865 GC heap before
{Heap before GC invocations=7 (full 0):
 garbage-first heap   total reserved 4122624K, committed 516096K, used 249856K [0x0000000704600000, 0x0000000800000000)
  region size 2048K, 46 young (94208K), 3 survivors (6144K)
 Metaspace       used 6789K, committed 6976K, reserved 1114112K
  class space    used 760K, committed 832K, reserved 1048576K
}
Event: 1.889 GC heap after
{Heap after GC invocations=8 (full 0):
 garbage-first heap   total reserved 4122624K, committed 516096K, used 192512K [0x0000000704600000, 0x0000000800000000)
  region size 2048K, 6 young (12288K), 6 survivors (12288K)
 Metaspace       used 6789K, committed 6976K, reserved 1114112K
  class space    used 760K, committed 832K, reserved 1048576K
}
Event: 1.979 GC heap before
{Heap before GC invocations=8 (full 0):
 garbage-first heap   total reserved 4122624K, committed 516096K, used 276480K [0x0000000704600000, 0x0000000800000000)
  region size 2048K, 44 young (90112K), 6 survivors (12288K)
 Metaspace       used 6790K, committed 6976K, reserved 1114112K
  class space    used 760K, committed 832K, reserved 1048576K
}

